2026-02-14 13:24:53,369 - INFO] {'seed': 42, 'pass_channel': False, 'channel_type': 'awgn', 'model': 'SwinJSCC_w/_RA', 'multiple_snr': [1.0, 4.0, 7.0, 10.0, 13.0], 'channel_number': [32, 64, 96, 128, 192], 'CUDA': True, 'device': device(type='cuda', index=0), 'amp': True, 'norm': False, 'print_step': 100, 'plot_step': 10000, 'filename': '2026-02-14_13-24-53', 'workdir': './history/2026-02-14_13-24-53', 'homedir': '/home/matthewwang16czap/', 'model_path': './checkpoints/base_nonoise_step2.model', 'log': './history/2026-02-14_13-24-53/Log_2026-02-14_13-24-53.log', 'samples': './history/2026-02-14_13-24-53/samples', 'models': './history/2026-02-14_13-24-53/models', 'logger': <Logger Deep joint source channel coder (INFO)>, 'training': False, 'normalize': False, 'learning_rate': 0.0001, 'alpha_losses': [1, 1, 1, 1.5378700499807768e-05], 'tot_epoch': 10000000, 'distortion_metric': 'MSE', 'denoiser': False, 'attractor': False, 'sr': False, 'dataset_type': 'RandomResizedCrop', 'max_test_samples': 100, 'trainset': 'DIV2K', 'testset': 'Kodak', 'img_size': 256, 'train_data_dir': ['/home/matthewwang16czap/datasets/DIV2K/DIV2K_train_HR', '/home/matthewwang16czap/datasets/DIV2K/DIV2K_valid_HR'], 'test_data_dir': ['/home/matthewwang16czap/datasets/Kodak/'], 'save_model_freq': 100, 'image_dims': (3, 256, 256), 'batch_size': 4, 'test_batch_size': 4, 'downsample': 4, 'patch_size': 2, 'in_chans': 3, 'window_size': 8, 'mlp_ratio': 4.0, 'encoder_kwargs': {'model': 'SwinJSCC_w/_RA', 'patch_size': 2, 'in_chans': 3, 'embed_dims': [128, 192, 256, 320], 'depths': [2, 2, 6, 2], 'num_heads': [4, 6, 8, 10], 'channel_number': [32, 64, 96, 128, 192], 'window_size': 8, 'mlp_ratio': 4.0, 'qkv_bias': True, 'qk_scale': None, 'norm_layer': <class 'torch.nn.modules.normalization.LayerNorm'>, 'patch_norm': True, 'use_denoiser': False}, 'decoder_kwargs': {'model': 'SwinJSCC_w/_RA', 'patch_size': 2, 'out_chans': 3, 'embed_dims': [320, 256, 192, 128], 'depths': [2, 6, 2, 2], 'num_heads': [10, 8, 6, 4], 'channel_number': [32, 64, 96, 128, 192], 'window_size': 8, 'mlp_ratio': 4.0, 'qkv_bias': True, 'qk_scale': None, 'norm_layer': <class 'torch.nn.modules.normalization.LayerNorm'>, 'patch_norm': True, 'use_denoiser': False}, 'device_id': 0, 'accum_steps': 1}
2026-02-14 13:24:53,679 - INFO] Network config: 
2026-02-14 13:24:53,680 - INFO] Encoder: 
2026-02-14 13:24:53,680 - INFO] {'model': 'SwinJSCC_w/_RA', 'patch_size': 2, 'in_chans': 3, 'embed_dims': [128, 192, 256, 320], 'depths': [2, 2, 6, 2], 'num_heads': [4, 6, 8, 10], 'channel_number': [32, 64, 96, 128, 192], 'window_size': 8, 'mlp_ratio': 4.0, 'qkv_bias': True, 'qk_scale': None, 'norm_layer': <class 'torch.nn.modules.normalization.LayerNorm'>, 'patch_norm': True, 'use_denoiser': False}
2026-02-14 13:24:53,680 - INFO] Decoder: 
2026-02-14 13:24:53,681 - INFO] {'model': 'SwinJSCC_w/_RA', 'patch_size': 2, 'out_chans': 3, 'embed_dims': [320, 256, 192, 128], 'depths': [2, 6, 2, 2], 'num_heads': [10, 8, 6, 4], 'channel_number': [32, 64, 96, 128, 192], 'window_size': 8, 'mlp_ratio': 4.0, 'qkv_bias': True, 'qk_scale': None, 'norm_layer': <class 'torch.nn.modules.normalization.LayerNorm'>, 'patch_norm': True, 'use_denoiser': False}
2026-02-14 13:24:53,681 - INFO] 【Channel】: Built awgn channel, SNR [1.0, 4.0, 7.0, 10.0, 13.0] dB.
2026-02-14 13:24:54,765 - INFO] encoder.patch_embed.proj.weight
encoder.patch_embed.proj.bias
encoder.patch_embed.norm.weight
encoder.patch_embed.norm.bias
encoder.layers.0.blocks.0.norm1.weight
encoder.layers.0.blocks.0.norm1.bias
encoder.layers.0.blocks.0.attn.relative_position_bias_table
encoder.layers.0.blocks.0.attn.qkv.weight
encoder.layers.0.blocks.0.attn.qkv.bias
encoder.layers.0.blocks.0.attn.proj.weight
encoder.layers.0.blocks.0.attn.proj.bias
encoder.layers.0.blocks.0.norm2.weight
encoder.layers.0.blocks.0.norm2.bias
encoder.layers.0.blocks.0.mlp.fc1.weight
encoder.layers.0.blocks.0.mlp.fc1.bias
encoder.layers.0.blocks.0.mlp.fc2.weight
encoder.layers.0.blocks.0.mlp.fc2.bias
encoder.layers.0.blocks.1.norm1.weight
encoder.layers.0.blocks.1.norm1.bias
encoder.layers.0.blocks.1.attn.relative_position_bias_table
encoder.layers.0.blocks.1.attn.qkv.weight
encoder.layers.0.blocks.1.attn.qkv.bias
encoder.layers.0.blocks.1.attn.proj.weight
encoder.layers.0.blocks.1.attn.proj.bias
encoder.layers.0.blocks.1.norm2.weight
encoder.layers.0.blocks.1.norm2.bias
encoder.layers.0.blocks.1.mlp.fc1.weight
encoder.layers.0.blocks.1.mlp.fc1.bias
encoder.layers.0.blocks.1.mlp.fc2.weight
encoder.layers.0.blocks.1.mlp.fc2.bias
encoder.layers.0.downsample.reduction.weight
encoder.layers.0.downsample.norm.weight
encoder.layers.0.downsample.norm.bias
encoder.layers.1.blocks.0.norm1.weight
encoder.layers.1.blocks.0.norm1.bias
encoder.layers.1.blocks.0.attn.relative_position_bias_table
encoder.layers.1.blocks.0.attn.qkv.weight
encoder.layers.1.blocks.0.attn.qkv.bias
encoder.layers.1.blocks.0.attn.proj.weight
encoder.layers.1.blocks.0.attn.proj.bias
encoder.layers.1.blocks.0.norm2.weight
encoder.layers.1.blocks.0.norm2.bias
encoder.layers.1.blocks.0.mlp.fc1.weight
encoder.layers.1.blocks.0.mlp.fc1.bias
encoder.layers.1.blocks.0.mlp.fc2.weight
encoder.layers.1.blocks.0.mlp.fc2.bias
encoder.layers.1.blocks.1.norm1.weight
encoder.layers.1.blocks.1.norm1.bias
encoder.layers.1.blocks.1.attn.relative_position_bias_table
encoder.layers.1.blocks.1.attn.qkv.weight
encoder.layers.1.blocks.1.attn.qkv.bias
encoder.layers.1.blocks.1.attn.proj.weight
encoder.layers.1.blocks.1.attn.proj.bias
encoder.layers.1.blocks.1.norm2.weight
encoder.layers.1.blocks.1.norm2.bias
encoder.layers.1.blocks.1.mlp.fc1.weight
encoder.layers.1.blocks.1.mlp.fc1.bias
encoder.layers.1.blocks.1.mlp.fc2.weight
encoder.layers.1.blocks.1.mlp.fc2.bias
encoder.layers.1.downsample.reduction.weight
encoder.layers.1.downsample.norm.weight
encoder.layers.1.downsample.norm.bias
encoder.layers.2.blocks.0.norm1.weight
encoder.layers.2.blocks.0.norm1.bias
encoder.layers.2.blocks.0.attn.relative_position_bias_table
encoder.layers.2.blocks.0.attn.qkv.weight
encoder.layers.2.blocks.0.attn.qkv.bias
encoder.layers.2.blocks.0.attn.proj.weight
encoder.layers.2.blocks.0.attn.proj.bias
encoder.layers.2.blocks.0.norm2.weight
encoder.layers.2.blocks.0.norm2.bias
encoder.layers.2.blocks.0.mlp.fc1.weight
encoder.layers.2.blocks.0.mlp.fc1.bias
encoder.layers.2.blocks.0.mlp.fc2.weight
encoder.layers.2.blocks.0.mlp.fc2.bias
encoder.layers.2.blocks.1.norm1.weight
encoder.layers.2.blocks.1.norm1.bias
encoder.layers.2.blocks.1.attn.relative_position_bias_table
encoder.layers.2.blocks.1.attn.qkv.weight
encoder.layers.2.blocks.1.attn.qkv.bias
encoder.layers.2.blocks.1.attn.proj.weight
encoder.layers.2.blocks.1.attn.proj.bias
encoder.layers.2.blocks.1.norm2.weight
encoder.layers.2.blocks.1.norm2.bias
encoder.layers.2.blocks.1.mlp.fc1.weight
encoder.layers.2.blocks.1.mlp.fc1.bias
encoder.layers.2.blocks.1.mlp.fc2.weight
encoder.layers.2.blocks.1.mlp.fc2.bias
encoder.layers.2.blocks.2.norm1.weight
encoder.layers.2.blocks.2.norm1.bias
encoder.layers.2.blocks.2.attn.relative_position_bias_table
encoder.layers.2.blocks.2.attn.qkv.weight
encoder.layers.2.blocks.2.attn.qkv.bias
encoder.layers.2.blocks.2.attn.proj.weight
encoder.layers.2.blocks.2.attn.proj.bias
encoder.layers.2.blocks.2.norm2.weight
encoder.layers.2.blocks.2.norm2.bias
encoder.layers.2.blocks.2.mlp.fc1.weight
encoder.layers.2.blocks.2.mlp.fc1.bias
encoder.layers.2.blocks.2.mlp.fc2.weight
encoder.layers.2.blocks.2.mlp.fc2.bias
encoder.layers.2.blocks.3.norm1.weight
encoder.layers.2.blocks.3.norm1.bias
encoder.layers.2.blocks.3.attn.relative_position_bias_table
encoder.layers.2.blocks.3.attn.qkv.weight
encoder.layers.2.blocks.3.attn.qkv.bias
encoder.layers.2.blocks.3.attn.proj.weight
encoder.layers.2.blocks.3.attn.proj.bias
encoder.layers.2.blocks.3.norm2.weight
encoder.layers.2.blocks.3.norm2.bias
encoder.layers.2.blocks.3.mlp.fc1.weight
encoder.layers.2.blocks.3.mlp.fc1.bias
encoder.layers.2.blocks.3.mlp.fc2.weight
encoder.layers.2.blocks.3.mlp.fc2.bias
encoder.layers.2.blocks.4.norm1.weight
encoder.layers.2.blocks.4.norm1.bias
encoder.layers.2.blocks.4.attn.relative_position_bias_table
encoder.layers.2.blocks.4.attn.qkv.weight
encoder.layers.2.blocks.4.attn.qkv.bias
encoder.layers.2.blocks.4.attn.proj.weight
encoder.layers.2.blocks.4.attn.proj.bias
encoder.layers.2.blocks.4.norm2.weight
encoder.layers.2.blocks.4.norm2.bias
encoder.layers.2.blocks.4.mlp.fc1.weight
encoder.layers.2.blocks.4.mlp.fc1.bias
encoder.layers.2.blocks.4.mlp.fc2.weight
encoder.layers.2.blocks.4.mlp.fc2.bias
encoder.layers.2.blocks.5.norm1.weight
encoder.layers.2.blocks.5.norm1.bias
encoder.layers.2.blocks.5.attn.relative_position_bias_table
encoder.layers.2.blocks.5.attn.qkv.weight
encoder.layers.2.blocks.5.attn.qkv.bias
encoder.layers.2.blocks.5.attn.proj.weight
encoder.layers.2.blocks.5.attn.proj.bias
encoder.layers.2.blocks.5.norm2.weight
encoder.layers.2.blocks.5.norm2.bias
encoder.layers.2.blocks.5.mlp.fc1.weight
encoder.layers.2.blocks.5.mlp.fc1.bias
encoder.layers.2.blocks.5.mlp.fc2.weight
encoder.layers.2.blocks.5.mlp.fc2.bias
encoder.layers.2.downsample.reduction.weight
encoder.layers.2.downsample.norm.weight
encoder.layers.2.downsample.norm.bias
encoder.layers.3.blocks.0.norm1.weight
encoder.layers.3.blocks.0.norm1.bias
encoder.layers.3.blocks.0.attn.relative_position_bias_table
encoder.layers.3.blocks.0.attn.qkv.weight
encoder.layers.3.blocks.0.attn.qkv.bias
encoder.layers.3.blocks.0.attn.proj.weight
encoder.layers.3.blocks.0.attn.proj.bias
encoder.layers.3.blocks.0.norm2.weight
encoder.layers.3.blocks.0.norm2.bias
encoder.layers.3.blocks.0.mlp.fc1.weight
encoder.layers.3.blocks.0.mlp.fc1.bias
encoder.layers.3.blocks.0.mlp.fc2.weight
encoder.layers.3.blocks.0.mlp.fc2.bias
encoder.layers.3.blocks.1.norm1.weight
encoder.layers.3.blocks.1.norm1.bias
encoder.layers.3.blocks.1.attn.relative_position_bias_table
encoder.layers.3.blocks.1.attn.qkv.weight
encoder.layers.3.blocks.1.attn.qkv.bias
encoder.layers.3.blocks.1.attn.proj.weight
encoder.layers.3.blocks.1.attn.proj.bias
encoder.layers.3.blocks.1.norm2.weight
encoder.layers.3.blocks.1.norm2.bias
encoder.layers.3.blocks.1.mlp.fc1.weight
encoder.layers.3.blocks.1.mlp.fc1.bias
encoder.layers.3.blocks.1.mlp.fc2.weight
encoder.layers.3.blocks.1.mlp.fc2.bias
encoder.norm.weight
encoder.norm.bias
encoder.bm_list.0.fc.0.weight
encoder.bm_list.0.fc.0.bias
encoder.bm_list.0.fc.2.weight
encoder.bm_list.0.fc.2.bias
encoder.bm_list.0.fc.4.weight
encoder.bm_list.0.fc.4.bias
encoder.bm_list.1.fc.0.weight
encoder.bm_list.1.fc.0.bias
encoder.bm_list.1.fc.2.weight
encoder.bm_list.1.fc.2.bias
encoder.bm_list.1.fc.4.weight
encoder.bm_list.1.fc.4.bias
encoder.bm_list.2.fc.0.weight
encoder.bm_list.2.fc.0.bias
encoder.bm_list.2.fc.2.weight
encoder.bm_list.2.fc.2.bias
encoder.bm_list.2.fc.4.weight
encoder.bm_list.2.fc.4.bias
encoder.bm_list.3.fc.0.weight
encoder.bm_list.3.fc.0.bias
encoder.bm_list.3.fc.2.weight
encoder.bm_list.3.fc.2.bias
encoder.bm_list.3.fc.4.weight
encoder.bm_list.3.fc.4.bias
encoder.bm_list.4.fc.0.weight
encoder.bm_list.4.fc.0.bias
encoder.bm_list.4.fc.2.weight
encoder.bm_list.4.fc.2.bias
encoder.bm_list.4.fc.4.weight
encoder.bm_list.4.fc.4.bias
encoder.bm_list.5.fc.0.weight
encoder.bm_list.5.fc.0.bias
encoder.bm_list.5.fc.2.weight
encoder.bm_list.5.fc.2.bias
encoder.bm_list.5.fc.4.weight
encoder.bm_list.5.fc.4.bias
encoder.bm_list.6.fc.0.weight
encoder.bm_list.6.fc.0.bias
encoder.bm_list.6.fc.2.weight
encoder.bm_list.6.fc.2.bias
encoder.bm_list.6.fc.4.weight
encoder.bm_list.6.fc.4.bias
encoder.sm_list.0.weight
encoder.sm_list.0.bias
encoder.sm_list.1.weight
encoder.sm_list.1.bias
encoder.sm_list.2.weight
encoder.sm_list.2.bias
encoder.sm_list.3.weight
encoder.sm_list.3.bias
encoder.sm_list.4.weight
encoder.sm_list.4.bias
encoder.sm_list.5.weight
encoder.sm_list.5.bias
encoder.sm_list.6.weight
encoder.sm_list.6.bias
encoder.sm_list.7.weight
encoder.sm_list.7.bias
decoder.patch_unembed.norm.weight
decoder.patch_unembed.norm.bias
decoder.patch_unembed.proj.weight
decoder.patch_unembed.proj.bias
decoder.layers.0.blocks.0.norm1.weight
decoder.layers.0.blocks.0.norm1.bias
decoder.layers.0.blocks.0.attn.relative_position_bias_table
decoder.layers.0.blocks.0.attn.qkv.weight
decoder.layers.0.blocks.0.attn.qkv.bias
decoder.layers.0.blocks.0.attn.proj.weight
decoder.layers.0.blocks.0.attn.proj.bias
decoder.layers.0.blocks.0.norm2.weight
decoder.layers.0.blocks.0.norm2.bias
decoder.layers.0.blocks.0.mlp.fc1.weight
decoder.layers.0.blocks.0.mlp.fc1.bias
decoder.layers.0.blocks.0.mlp.fc2.weight
decoder.layers.0.blocks.0.mlp.fc2.bias
decoder.layers.0.blocks.1.norm1.weight
decoder.layers.0.blocks.1.norm1.bias
decoder.layers.0.blocks.1.attn.relative_position_bias_table
decoder.layers.0.blocks.1.attn.qkv.weight
decoder.layers.0.blocks.1.attn.qkv.bias
decoder.layers.0.blocks.1.attn.proj.weight
decoder.layers.0.blocks.1.attn.proj.bias
decoder.layers.0.blocks.1.norm2.weight
decoder.layers.0.blocks.1.norm2.bias
decoder.layers.0.blocks.1.mlp.fc1.weight
decoder.layers.0.blocks.1.mlp.fc1.bias
decoder.layers.0.blocks.1.mlp.fc2.weight
decoder.layers.0.blocks.1.mlp.fc2.bias
decoder.layers.0.upsample.increment.weight
decoder.layers.0.upsample.norm.weight
decoder.layers.0.upsample.norm.bias
decoder.layers.1.blocks.0.norm1.weight
decoder.layers.1.blocks.0.norm1.bias
decoder.layers.1.blocks.0.attn.relative_position_bias_table
decoder.layers.1.blocks.0.attn.qkv.weight
decoder.layers.1.blocks.0.attn.qkv.bias
decoder.layers.1.blocks.0.attn.proj.weight
decoder.layers.1.blocks.0.attn.proj.bias
decoder.layers.1.blocks.0.norm2.weight
decoder.layers.1.blocks.0.norm2.bias
decoder.layers.1.blocks.0.mlp.fc1.weight
decoder.layers.1.blocks.0.mlp.fc1.bias
decoder.layers.1.blocks.0.mlp.fc2.weight
decoder.layers.1.blocks.0.mlp.fc2.bias
decoder.layers.1.blocks.1.norm1.weight
decoder.layers.1.blocks.1.norm1.bias
decoder.layers.1.blocks.1.attn.relative_position_bias_table
decoder.layers.1.blocks.1.attn.qkv.weight
decoder.layers.1.blocks.1.attn.qkv.bias
decoder.layers.1.blocks.1.attn.proj.weight
decoder.layers.1.blocks.1.attn.proj.bias
decoder.layers.1.blocks.1.norm2.weight
decoder.layers.1.blocks.1.norm2.bias
decoder.layers.1.blocks.1.mlp.fc1.weight
decoder.layers.1.blocks.1.mlp.fc1.bias
decoder.layers.1.blocks.1.mlp.fc2.weight
decoder.layers.1.blocks.1.mlp.fc2.bias
decoder.layers.1.blocks.2.norm1.weight
decoder.layers.1.blocks.2.norm1.bias
decoder.layers.1.blocks.2.attn.relative_position_bias_table
decoder.layers.1.blocks.2.attn.qkv.weight
decoder.layers.1.blocks.2.attn.qkv.bias
decoder.layers.1.blocks.2.attn.proj.weight
decoder.layers.1.blocks.2.attn.proj.bias
decoder.layers.1.blocks.2.norm2.weight
decoder.layers.1.blocks.2.norm2.bias
decoder.layers.1.blocks.2.mlp.fc1.weight
decoder.layers.1.blocks.2.mlp.fc1.bias
decoder.layers.1.blocks.2.mlp.fc2.weight
decoder.layers.1.blocks.2.mlp.fc2.bias
decoder.layers.1.blocks.3.norm1.weight
decoder.layers.1.blocks.3.norm1.bias
decoder.layers.1.blocks.3.attn.relative_position_bias_table
decoder.layers.1.blocks.3.attn.qkv.weight
decoder.layers.1.blocks.3.attn.qkv.bias
decoder.layers.1.blocks.3.attn.proj.weight
decoder.layers.1.blocks.3.attn.proj.bias
decoder.layers.1.blocks.3.norm2.weight
decoder.layers.1.blocks.3.norm2.bias
decoder.layers.1.blocks.3.mlp.fc1.weight
decoder.layers.1.blocks.3.mlp.fc1.bias
decoder.layers.1.blocks.3.mlp.fc2.weight
decoder.layers.1.blocks.3.mlp.fc2.bias
decoder.layers.1.blocks.4.norm1.weight
decoder.layers.1.blocks.4.norm1.bias
decoder.layers.1.blocks.4.attn.relative_position_bias_table
decoder.layers.1.blocks.4.attn.qkv.weight
decoder.layers.1.blocks.4.attn.qkv.bias
decoder.layers.1.blocks.4.attn.proj.weight
decoder.layers.1.blocks.4.attn.proj.bias
decoder.layers.1.blocks.4.norm2.weight
decoder.layers.1.blocks.4.norm2.bias
decoder.layers.1.blocks.4.mlp.fc1.weight
decoder.layers.1.blocks.4.mlp.fc1.bias
decoder.layers.1.blocks.4.mlp.fc2.weight
decoder.layers.1.blocks.4.mlp.fc2.bias
decoder.layers.1.blocks.5.norm1.weight
decoder.layers.1.blocks.5.norm1.bias
decoder.layers.1.blocks.5.attn.relative_position_bias_table
decoder.layers.1.blocks.5.attn.qkv.weight
decoder.layers.1.blocks.5.attn.qkv.bias
decoder.layers.1.blocks.5.attn.proj.weight
decoder.layers.1.blocks.5.attn.proj.bias
decoder.layers.1.blocks.5.norm2.weight
decoder.layers.1.blocks.5.norm2.bias
decoder.layers.1.blocks.5.mlp.fc1.weight
decoder.layers.1.blocks.5.mlp.fc1.bias
decoder.layers.1.blocks.5.mlp.fc2.weight
decoder.layers.1.blocks.5.mlp.fc2.bias
decoder.layers.1.upsample.increment.weight
decoder.layers.1.upsample.norm.weight
decoder.layers.1.upsample.norm.bias
decoder.layers.2.blocks.0.norm1.weight
decoder.layers.2.blocks.0.norm1.bias
decoder.layers.2.blocks.0.attn.relative_position_bias_table
decoder.layers.2.blocks.0.attn.qkv.weight
decoder.layers.2.blocks.0.attn.qkv.bias
decoder.layers.2.blocks.0.attn.proj.weight
decoder.layers.2.blocks.0.attn.proj.bias
decoder.layers.2.blocks.0.norm2.weight
decoder.layers.2.blocks.0.norm2.bias
decoder.layers.2.blocks.0.mlp.fc1.weight
decoder.layers.2.blocks.0.mlp.fc1.bias
decoder.layers.2.blocks.0.mlp.fc2.weight
decoder.layers.2.blocks.0.mlp.fc2.bias
decoder.layers.2.blocks.1.norm1.weight
decoder.layers.2.blocks.1.norm1.bias
decoder.layers.2.blocks.1.attn.relative_position_bias_table
decoder.layers.2.blocks.1.attn.qkv.weight
decoder.layers.2.blocks.1.attn.qkv.bias
decoder.layers.2.blocks.1.attn.proj.weight
decoder.layers.2.blocks.1.attn.proj.bias
decoder.layers.2.blocks.1.norm2.weight
decoder.layers.2.blocks.1.norm2.bias
decoder.layers.2.blocks.1.mlp.fc1.weight
decoder.layers.2.blocks.1.mlp.fc1.bias
decoder.layers.2.blocks.1.mlp.fc2.weight
decoder.layers.2.blocks.1.mlp.fc2.bias
decoder.layers.2.upsample.increment.weight
decoder.layers.2.upsample.norm.weight
decoder.layers.2.upsample.norm.bias
decoder.layers.3.blocks.0.norm1.weight
decoder.layers.3.blocks.0.norm1.bias
decoder.layers.3.blocks.0.attn.relative_position_bias_table
decoder.layers.3.blocks.0.attn.qkv.weight
decoder.layers.3.blocks.0.attn.qkv.bias
decoder.layers.3.blocks.0.attn.proj.weight
decoder.layers.3.blocks.0.attn.proj.bias
decoder.layers.3.blocks.0.norm2.weight
decoder.layers.3.blocks.0.norm2.bias
decoder.layers.3.blocks.0.mlp.fc1.weight
decoder.layers.3.blocks.0.mlp.fc1.bias
decoder.layers.3.blocks.0.mlp.fc2.weight
decoder.layers.3.blocks.0.mlp.fc2.bias
decoder.layers.3.blocks.1.norm1.weight
decoder.layers.3.blocks.1.norm1.bias
decoder.layers.3.blocks.1.attn.relative_position_bias_table
decoder.layers.3.blocks.1.attn.qkv.weight
decoder.layers.3.blocks.1.attn.qkv.bias
decoder.layers.3.blocks.1.attn.proj.weight
decoder.layers.3.blocks.1.attn.proj.bias
decoder.layers.3.blocks.1.norm2.weight
decoder.layers.3.blocks.1.norm2.bias
decoder.layers.3.blocks.1.mlp.fc1.weight
decoder.layers.3.blocks.1.mlp.fc1.bias
decoder.layers.3.blocks.1.mlp.fc2.weight
decoder.layers.3.blocks.1.mlp.fc2.bias
2026-02-14 13:26:03,417 - INFO] Start Test:
2026-02-14 13:26:03,417 - INFO] SNR: [[1.0, 1.0, 1.0, 1.0, 1.0], [4.0, 4.0, 4.0, 4.0, 4.0], [7.0, 7.0, 7.0, 7.0, 7.0], [10.0, 10.0, 10.0, 10.0, 10.0], [13.0, 13.0, 13.0, 13.0, 13.0]]
2026-02-14 13:26:03,418 - INFO] SNR (denoised): [[1.0, 1.0, 1.0, 1.0, 1.0], [4.0, 4.0, 4.0, 4.0, 4.0], [7.0, 7.0, 7.0, 7.0, 7.0], [10.0, 10.0, 10.0, 10.0, 10.0], [13.0, 13.0, 13.0, 13.0, 13.0]]
2026-02-14 13:26:03,418 - INFO] CBR: [[0.0417, 0.0833, 0.125, 0.1667, 0.25], [0.0417, 0.0833, 0.125, 0.1667, 0.25], [0.0417, 0.0833, 0.125, 0.1667, 0.25], [0.0417, 0.0833, 0.125, 0.1667, 0.25], [0.0417, 0.0833, 0.125, 0.1667, 0.25]]
2026-02-14 13:26:03,418 - INFO] PSNR: [[31.432, 34.305, 36.355, 36.576, 36.576], [31.432, 34.305, 36.355, 36.576, 36.576], [31.432, 34.305, 36.355, 36.576, 36.576], [31.432, 34.305, 36.355, 36.576, 36.576], [31.432, 34.305, 36.355, 36.576, 36.576]]
2026-02-14 13:26:03,419 - INFO] SSIM: [[0.884, 0.936, 0.958, 0.96, 0.96], [0.884, 0.936, 0.958, 0.96, 0.96], [0.884, 0.936, 0.958, 0.96, 0.96], [0.884, 0.936, 0.958, 0.96, 0.96], [0.884, 0.936, 0.958, 0.96, 0.96]]
2026-02-14 13:26:03,419 - INFO] MS-SSIM: [[0.979, 0.99, 0.994, 0.994, 0.994], [0.979, 0.99, 0.994, 0.994, 0.994], [0.979, 0.99, 0.994, 0.994, 0.994], [0.979, 0.99, 0.994, 0.994, 0.994], [0.979, 0.99, 0.994, 0.994, 0.994]]
2026-02-14 13:26:03,419 - INFO] Finish Test!
