2026-03-31 23:55:20,916 - INFO] {'seed': 42, 'pass_channel': False, 'channel_type': 'awgn', 'snrs': [13.0], 'cbrs': [0.25], 'CUDA': True, 'device': device(type='cuda', index=0), 'amp': True, 'quant_bits': 8, 'print_step': 100, 'plot_step': 10000, 'filename': '2026-03-31_23-55-20', 'workdir': './history/2026-03-31_23-55-20', 'homedir': '/home/ubuntu/', 'pretrained_model_path': './pretrained/base2.model', 'log_dir': './history/2026-03-31_23-55-20/Log_2026-03-31_23-55-20.log', 'samples_dir': './history/2026-03-31_23-55-20/samples', 'models_dir': './history/2026-03-31_23-55-20/models', 'logger': <Logger Deep joint source channel coder (INFO)>, 'training': True, 'learning_rate': 0.0001, 'tot_epoch': 10000000, 'loss_type': 'MSE', 'token_pruner': False, 'channel_pruner': False, 'encoder_adapter': False, 'decoder_adapter': False, 'sr': False, 'dataset_type': 'RandomResizedCrop', 'max_test_samples': 100, 'trainset': 'DIV2K', 'testset': 'Kodak', 'img_size': 256, 'train_data_dir': ['/home/ubuntu/datasets/DIV2K/DIV2K_train_HR', '/home/ubuntu/datasets/DIV2K/DIV2K_valid_HR'], 'test_data_dir': ['/home/ubuntu/datasets/Kodak/'], 'save_model_freq': 100, 'image_dims': (3, 256, 256), 'batch_size': 8, 'test_batch_size': 8, 'downsample': 4, 'patch_size': 2, 'in_chans': 3, 'window_size': 8, 'mlp_ratio': 4.0, 'encoder_kwargs': {'patch_size': 2, 'in_chans': 3, 'embed_dims': [128, 192, 256, 320], 'depths': [2, 2, 6, 2], 'num_heads': [4, 6, 8, 10], 'window_size': 8, 'mlp_ratio': 4.0, 'qkv_bias': True, 'qk_scale': None, 'norm_layer': <class 'torch.nn.modules.normalization.LayerNorm'>, 'patch_norm': True, 'quant_bits': 8, 'use_adapter': False, 'use_token_pruner': False, 'use_channel_pruner': False}, 'decoder_kwargs': {'patch_size': 2, 'out_chans': 3, 'embed_dims': [320, 256, 192, 128], 'depths': [2, 6, 2, 2], 'num_heads': [10, 8, 6, 4], 'window_size': 8, 'mlp_ratio': 4.0, 'qkv_bias': True, 'qk_scale': None, 'norm_layer': <class 'torch.nn.modules.normalization.LayerNorm'>, 'patch_norm': True, 'use_adapter': False}, 'device_id': 0, 'accum_steps': 1}
2026-03-31 23:55:21,261 - INFO] Network config: 
2026-03-31 23:55:21,262 - INFO] Encoder: 
2026-03-31 23:55:21,262 - INFO] {'patch_size': 2, 'in_chans': 3, 'embed_dims': [128, 192, 256, 320], 'depths': [2, 2, 6, 2], 'num_heads': [4, 6, 8, 10], 'window_size': 8, 'mlp_ratio': 4.0, 'qkv_bias': True, 'qk_scale': None, 'norm_layer': <class 'torch.nn.modules.normalization.LayerNorm'>, 'patch_norm': True, 'quant_bits': 8, 'use_adapter': False, 'use_token_pruner': False, 'use_channel_pruner': False}
2026-03-31 23:55:21,262 - INFO] Decoder: 
2026-03-31 23:55:21,262 - INFO] {'patch_size': 2, 'out_chans': 3, 'embed_dims': [320, 256, 192, 128], 'depths': [2, 6, 2, 2], 'num_heads': [10, 8, 6, 4], 'window_size': 8, 'mlp_ratio': 4.0, 'qkv_bias': True, 'qk_scale': None, 'norm_layer': <class 'torch.nn.modules.normalization.LayerNorm'>, 'patch_norm': True, 'use_adapter': False}
2026-03-31 23:55:21,262 - INFO] 【Channel】: Built awgn channel, SNR [13.0] dB.
2026-03-31 23:55:21,477 - INFO] encoder.patch_embed.proj.weight
encoder.patch_embed.proj.bias
encoder.patch_embed.norm.weight
encoder.patch_embed.norm.bias
encoder.layers.0.blocks.0.norm1.weight
encoder.layers.0.blocks.0.norm1.bias
encoder.layers.0.blocks.0.attn.relative_position_bias_table
encoder.layers.0.blocks.0.attn.qkv.weight
encoder.layers.0.blocks.0.attn.qkv.bias
encoder.layers.0.blocks.0.attn.proj.weight
encoder.layers.0.blocks.0.attn.proj.bias
encoder.layers.0.blocks.0.norm2.weight
encoder.layers.0.blocks.0.norm2.bias
encoder.layers.0.blocks.0.mlp.fc1.weight
encoder.layers.0.blocks.0.mlp.fc1.bias
encoder.layers.0.blocks.0.mlp.fc2.weight
encoder.layers.0.blocks.0.mlp.fc2.bias
encoder.layers.0.blocks.1.norm1.weight
encoder.layers.0.blocks.1.norm1.bias
encoder.layers.0.blocks.1.attn.relative_position_bias_table
encoder.layers.0.blocks.1.attn.qkv.weight
encoder.layers.0.blocks.1.attn.qkv.bias
encoder.layers.0.blocks.1.attn.proj.weight
encoder.layers.0.blocks.1.attn.proj.bias
encoder.layers.0.blocks.1.norm2.weight
encoder.layers.0.blocks.1.norm2.bias
encoder.layers.0.blocks.1.mlp.fc1.weight
encoder.layers.0.blocks.1.mlp.fc1.bias
encoder.layers.0.blocks.1.mlp.fc2.weight
encoder.layers.0.blocks.1.mlp.fc2.bias
encoder.layers.0.downsample.reduction.weight
encoder.layers.0.downsample.norm.weight
encoder.layers.0.downsample.norm.bias
encoder.layers.1.blocks.0.norm1.weight
encoder.layers.1.blocks.0.norm1.bias
encoder.layers.1.blocks.0.attn.relative_position_bias_table
encoder.layers.1.blocks.0.attn.qkv.weight
encoder.layers.1.blocks.0.attn.qkv.bias
encoder.layers.1.blocks.0.attn.proj.weight
encoder.layers.1.blocks.0.attn.proj.bias
encoder.layers.1.blocks.0.norm2.weight
encoder.layers.1.blocks.0.norm2.bias
encoder.layers.1.blocks.0.mlp.fc1.weight
encoder.layers.1.blocks.0.mlp.fc1.bias
encoder.layers.1.blocks.0.mlp.fc2.weight
encoder.layers.1.blocks.0.mlp.fc2.bias
encoder.layers.1.blocks.1.norm1.weight
encoder.layers.1.blocks.1.norm1.bias
encoder.layers.1.blocks.1.attn.relative_position_bias_table
encoder.layers.1.blocks.1.attn.qkv.weight
encoder.layers.1.blocks.1.attn.qkv.bias
encoder.layers.1.blocks.1.attn.proj.weight
encoder.layers.1.blocks.1.attn.proj.bias
encoder.layers.1.blocks.1.norm2.weight
encoder.layers.1.blocks.1.norm2.bias
encoder.layers.1.blocks.1.mlp.fc1.weight
encoder.layers.1.blocks.1.mlp.fc1.bias
encoder.layers.1.blocks.1.mlp.fc2.weight
encoder.layers.1.blocks.1.mlp.fc2.bias
encoder.layers.1.downsample.reduction.weight
encoder.layers.1.downsample.norm.weight
encoder.layers.1.downsample.norm.bias
encoder.layers.2.blocks.0.norm1.weight
encoder.layers.2.blocks.0.norm1.bias
encoder.layers.2.blocks.0.attn.relative_position_bias_table
encoder.layers.2.blocks.0.attn.qkv.weight
encoder.layers.2.blocks.0.attn.qkv.bias
encoder.layers.2.blocks.0.attn.proj.weight
encoder.layers.2.blocks.0.attn.proj.bias
encoder.layers.2.blocks.0.norm2.weight
encoder.layers.2.blocks.0.norm2.bias
encoder.layers.2.blocks.0.mlp.fc1.weight
encoder.layers.2.blocks.0.mlp.fc1.bias
encoder.layers.2.blocks.0.mlp.fc2.weight
encoder.layers.2.blocks.0.mlp.fc2.bias
encoder.layers.2.blocks.1.norm1.weight
encoder.layers.2.blocks.1.norm1.bias
encoder.layers.2.blocks.1.attn.relative_position_bias_table
encoder.layers.2.blocks.1.attn.qkv.weight
encoder.layers.2.blocks.1.attn.qkv.bias
encoder.layers.2.blocks.1.attn.proj.weight
encoder.layers.2.blocks.1.attn.proj.bias
encoder.layers.2.blocks.1.norm2.weight
encoder.layers.2.blocks.1.norm2.bias
encoder.layers.2.blocks.1.mlp.fc1.weight
encoder.layers.2.blocks.1.mlp.fc1.bias
encoder.layers.2.blocks.1.mlp.fc2.weight
encoder.layers.2.blocks.1.mlp.fc2.bias
encoder.layers.2.blocks.2.norm1.weight
encoder.layers.2.blocks.2.norm1.bias
encoder.layers.2.blocks.2.attn.relative_position_bias_table
encoder.layers.2.blocks.2.attn.qkv.weight
encoder.layers.2.blocks.2.attn.qkv.bias
encoder.layers.2.blocks.2.attn.proj.weight
encoder.layers.2.blocks.2.attn.proj.bias
encoder.layers.2.blocks.2.norm2.weight
encoder.layers.2.blocks.2.norm2.bias
encoder.layers.2.blocks.2.mlp.fc1.weight
encoder.layers.2.blocks.2.mlp.fc1.bias
encoder.layers.2.blocks.2.mlp.fc2.weight
encoder.layers.2.blocks.2.mlp.fc2.bias
encoder.layers.2.blocks.3.norm1.weight
encoder.layers.2.blocks.3.norm1.bias
encoder.layers.2.blocks.3.attn.relative_position_bias_table
encoder.layers.2.blocks.3.attn.qkv.weight
encoder.layers.2.blocks.3.attn.qkv.bias
encoder.layers.2.blocks.3.attn.proj.weight
encoder.layers.2.blocks.3.attn.proj.bias
encoder.layers.2.blocks.3.norm2.weight
encoder.layers.2.blocks.3.norm2.bias
encoder.layers.2.blocks.3.mlp.fc1.weight
encoder.layers.2.blocks.3.mlp.fc1.bias
encoder.layers.2.blocks.3.mlp.fc2.weight
encoder.layers.2.blocks.3.mlp.fc2.bias
encoder.layers.2.blocks.4.norm1.weight
encoder.layers.2.blocks.4.norm1.bias
encoder.layers.2.blocks.4.attn.relative_position_bias_table
encoder.layers.2.blocks.4.attn.qkv.weight
encoder.layers.2.blocks.4.attn.qkv.bias
encoder.layers.2.blocks.4.attn.proj.weight
encoder.layers.2.blocks.4.attn.proj.bias
encoder.layers.2.blocks.4.norm2.weight
encoder.layers.2.blocks.4.norm2.bias
encoder.layers.2.blocks.4.mlp.fc1.weight
encoder.layers.2.blocks.4.mlp.fc1.bias
encoder.layers.2.blocks.4.mlp.fc2.weight
encoder.layers.2.blocks.4.mlp.fc2.bias
encoder.layers.2.blocks.5.norm1.weight
encoder.layers.2.blocks.5.norm1.bias
encoder.layers.2.blocks.5.attn.relative_position_bias_table
encoder.layers.2.blocks.5.attn.qkv.weight
encoder.layers.2.blocks.5.attn.qkv.bias
encoder.layers.2.blocks.5.attn.proj.weight
encoder.layers.2.blocks.5.attn.proj.bias
encoder.layers.2.blocks.5.norm2.weight
encoder.layers.2.blocks.5.norm2.bias
encoder.layers.2.blocks.5.mlp.fc1.weight
encoder.layers.2.blocks.5.mlp.fc1.bias
encoder.layers.2.blocks.5.mlp.fc2.weight
encoder.layers.2.blocks.5.mlp.fc2.bias
encoder.layers.2.downsample.reduction.weight
encoder.layers.2.downsample.norm.weight
encoder.layers.2.downsample.norm.bias
encoder.layers.3.blocks.0.norm1.weight
encoder.layers.3.blocks.0.norm1.bias
encoder.layers.3.blocks.0.attn.relative_position_bias_table
encoder.layers.3.blocks.0.attn.qkv.weight
encoder.layers.3.blocks.0.attn.qkv.bias
encoder.layers.3.blocks.0.attn.proj.weight
encoder.layers.3.blocks.0.attn.proj.bias
encoder.layers.3.blocks.0.norm2.weight
encoder.layers.3.blocks.0.norm2.bias
encoder.layers.3.blocks.0.mlp.fc1.weight
encoder.layers.3.blocks.0.mlp.fc1.bias
encoder.layers.3.blocks.0.mlp.fc2.weight
encoder.layers.3.blocks.0.mlp.fc2.bias
encoder.layers.3.blocks.1.norm1.weight
encoder.layers.3.blocks.1.norm1.bias
encoder.layers.3.blocks.1.attn.relative_position_bias_table
encoder.layers.3.blocks.1.attn.qkv.weight
encoder.layers.3.blocks.1.attn.qkv.bias
encoder.layers.3.blocks.1.attn.proj.weight
encoder.layers.3.blocks.1.attn.proj.bias
encoder.layers.3.blocks.1.norm2.weight
encoder.layers.3.blocks.1.norm2.bias
encoder.layers.3.blocks.1.mlp.fc1.weight
encoder.layers.3.blocks.1.mlp.fc1.bias
encoder.layers.3.blocks.1.mlp.fc2.weight
encoder.layers.3.blocks.1.mlp.fc2.bias
encoder.norm.weight
encoder.norm.bias
decoder.patch_unembed.norm.weight
decoder.patch_unembed.norm.bias
decoder.patch_unembed.proj.weight
decoder.patch_unembed.proj.bias
decoder.layers.0.blocks.0.norm1.weight
decoder.layers.0.blocks.0.norm1.bias
decoder.layers.0.blocks.0.attn.relative_position_bias_table
decoder.layers.0.blocks.0.attn.qkv.weight
decoder.layers.0.blocks.0.attn.qkv.bias
decoder.layers.0.blocks.0.attn.proj.weight
decoder.layers.0.blocks.0.attn.proj.bias
decoder.layers.0.blocks.0.norm2.weight
decoder.layers.0.blocks.0.norm2.bias
decoder.layers.0.blocks.0.mlp.fc1.weight
decoder.layers.0.blocks.0.mlp.fc1.bias
decoder.layers.0.blocks.0.mlp.fc2.weight
decoder.layers.0.blocks.0.mlp.fc2.bias
decoder.layers.0.blocks.1.norm1.weight
decoder.layers.0.blocks.1.norm1.bias
decoder.layers.0.blocks.1.attn.relative_position_bias_table
decoder.layers.0.blocks.1.attn.qkv.weight
decoder.layers.0.blocks.1.attn.qkv.bias
decoder.layers.0.blocks.1.attn.proj.weight
decoder.layers.0.blocks.1.attn.proj.bias
decoder.layers.0.blocks.1.norm2.weight
decoder.layers.0.blocks.1.norm2.bias
decoder.layers.0.blocks.1.mlp.fc1.weight
decoder.layers.0.blocks.1.mlp.fc1.bias
decoder.layers.0.blocks.1.mlp.fc2.weight
decoder.layers.0.blocks.1.mlp.fc2.bias
decoder.layers.0.upsample.increment.weight
decoder.layers.0.upsample.norm.weight
decoder.layers.0.upsample.norm.bias
decoder.layers.1.blocks.0.norm1.weight
decoder.layers.1.blocks.0.norm1.bias
decoder.layers.1.blocks.0.attn.relative_position_bias_table
decoder.layers.1.blocks.0.attn.qkv.weight
decoder.layers.1.blocks.0.attn.qkv.bias
decoder.layers.1.blocks.0.attn.proj.weight
decoder.layers.1.blocks.0.attn.proj.bias
decoder.layers.1.blocks.0.norm2.weight
decoder.layers.1.blocks.0.norm2.bias
decoder.layers.1.blocks.0.mlp.fc1.weight
decoder.layers.1.blocks.0.mlp.fc1.bias
decoder.layers.1.blocks.0.mlp.fc2.weight
decoder.layers.1.blocks.0.mlp.fc2.bias
decoder.layers.1.blocks.1.norm1.weight
decoder.layers.1.blocks.1.norm1.bias
decoder.layers.1.blocks.1.attn.relative_position_bias_table
decoder.layers.1.blocks.1.attn.qkv.weight
decoder.layers.1.blocks.1.attn.qkv.bias
decoder.layers.1.blocks.1.attn.proj.weight
decoder.layers.1.blocks.1.attn.proj.bias
decoder.layers.1.blocks.1.norm2.weight
decoder.layers.1.blocks.1.norm2.bias
decoder.layers.1.blocks.1.mlp.fc1.weight
decoder.layers.1.blocks.1.mlp.fc1.bias
decoder.layers.1.blocks.1.mlp.fc2.weight
decoder.layers.1.blocks.1.mlp.fc2.bias
decoder.layers.1.blocks.2.norm1.weight
decoder.layers.1.blocks.2.norm1.bias
decoder.layers.1.blocks.2.attn.relative_position_bias_table
decoder.layers.1.blocks.2.attn.qkv.weight
decoder.layers.1.blocks.2.attn.qkv.bias
decoder.layers.1.blocks.2.attn.proj.weight
decoder.layers.1.blocks.2.attn.proj.bias
decoder.layers.1.blocks.2.norm2.weight
decoder.layers.1.blocks.2.norm2.bias
decoder.layers.1.blocks.2.mlp.fc1.weight
decoder.layers.1.blocks.2.mlp.fc1.bias
decoder.layers.1.blocks.2.mlp.fc2.weight
decoder.layers.1.blocks.2.mlp.fc2.bias
decoder.layers.1.blocks.3.norm1.weight
decoder.layers.1.blocks.3.norm1.bias
decoder.layers.1.blocks.3.attn.relative_position_bias_table
decoder.layers.1.blocks.3.attn.qkv.weight
decoder.layers.1.blocks.3.attn.qkv.bias
decoder.layers.1.blocks.3.attn.proj.weight
decoder.layers.1.blocks.3.attn.proj.bias
decoder.layers.1.blocks.3.norm2.weight
decoder.layers.1.blocks.3.norm2.bias
decoder.layers.1.blocks.3.mlp.fc1.weight
decoder.layers.1.blocks.3.mlp.fc1.bias
decoder.layers.1.blocks.3.mlp.fc2.weight
decoder.layers.1.blocks.3.mlp.fc2.bias
decoder.layers.1.blocks.4.norm1.weight
decoder.layers.1.blocks.4.norm1.bias
decoder.layers.1.blocks.4.attn.relative_position_bias_table
decoder.layers.1.blocks.4.attn.qkv.weight
decoder.layers.1.blocks.4.attn.qkv.bias
decoder.layers.1.blocks.4.attn.proj.weight
decoder.layers.1.blocks.4.attn.proj.bias
decoder.layers.1.blocks.4.norm2.weight
decoder.layers.1.blocks.4.norm2.bias
decoder.layers.1.blocks.4.mlp.fc1.weight
decoder.layers.1.blocks.4.mlp.fc1.bias
decoder.layers.1.blocks.4.mlp.fc2.weight
decoder.layers.1.blocks.4.mlp.fc2.bias
decoder.layers.1.blocks.5.norm1.weight
decoder.layers.1.blocks.5.norm1.bias
decoder.layers.1.blocks.5.attn.relative_position_bias_table
decoder.layers.1.blocks.5.attn.qkv.weight
decoder.layers.1.blocks.5.attn.qkv.bias
decoder.layers.1.blocks.5.attn.proj.weight
decoder.layers.1.blocks.5.attn.proj.bias
decoder.layers.1.blocks.5.norm2.weight
decoder.layers.1.blocks.5.norm2.bias
decoder.layers.1.blocks.5.mlp.fc1.weight
decoder.layers.1.blocks.5.mlp.fc1.bias
decoder.layers.1.blocks.5.mlp.fc2.weight
decoder.layers.1.blocks.5.mlp.fc2.bias
decoder.layers.1.upsample.increment.weight
decoder.layers.1.upsample.norm.weight
decoder.layers.1.upsample.norm.bias
decoder.layers.2.blocks.0.norm1.weight
decoder.layers.2.blocks.0.norm1.bias
decoder.layers.2.blocks.0.attn.relative_position_bias_table
decoder.layers.2.blocks.0.attn.qkv.weight
decoder.layers.2.blocks.0.attn.qkv.bias
decoder.layers.2.blocks.0.attn.proj.weight
decoder.layers.2.blocks.0.attn.proj.bias
decoder.layers.2.blocks.0.norm2.weight
decoder.layers.2.blocks.0.norm2.bias
decoder.layers.2.blocks.0.mlp.fc1.weight
decoder.layers.2.blocks.0.mlp.fc1.bias
decoder.layers.2.blocks.0.mlp.fc2.weight
decoder.layers.2.blocks.0.mlp.fc2.bias
decoder.layers.2.blocks.1.norm1.weight
decoder.layers.2.blocks.1.norm1.bias
decoder.layers.2.blocks.1.attn.relative_position_bias_table
decoder.layers.2.blocks.1.attn.qkv.weight
decoder.layers.2.blocks.1.attn.qkv.bias
decoder.layers.2.blocks.1.attn.proj.weight
decoder.layers.2.blocks.1.attn.proj.bias
decoder.layers.2.blocks.1.norm2.weight
decoder.layers.2.blocks.1.norm2.bias
decoder.layers.2.blocks.1.mlp.fc1.weight
decoder.layers.2.blocks.1.mlp.fc1.bias
decoder.layers.2.blocks.1.mlp.fc2.weight
decoder.layers.2.blocks.1.mlp.fc2.bias
decoder.layers.2.upsample.increment.weight
decoder.layers.2.upsample.norm.weight
decoder.layers.2.upsample.norm.bias
decoder.layers.3.blocks.0.norm1.weight
decoder.layers.3.blocks.0.norm1.bias
decoder.layers.3.blocks.0.attn.relative_position_bias_table
decoder.layers.3.blocks.0.attn.qkv.weight
decoder.layers.3.blocks.0.attn.qkv.bias
decoder.layers.3.blocks.0.attn.proj.weight
decoder.layers.3.blocks.0.attn.proj.bias
decoder.layers.3.blocks.0.norm2.weight
decoder.layers.3.blocks.0.norm2.bias
decoder.layers.3.blocks.0.mlp.fc1.weight
decoder.layers.3.blocks.0.mlp.fc1.bias
decoder.layers.3.blocks.0.mlp.fc2.weight
decoder.layers.3.blocks.0.mlp.fc2.bias
decoder.layers.3.blocks.1.norm1.weight
decoder.layers.3.blocks.1.norm1.bias
decoder.layers.3.blocks.1.attn.relative_position_bias_table
decoder.layers.3.blocks.1.attn.qkv.weight
decoder.layers.3.blocks.1.attn.qkv.bias
decoder.layers.3.blocks.1.attn.proj.weight
decoder.layers.3.blocks.1.attn.proj.bias
decoder.layers.3.blocks.1.norm2.weight
decoder.layers.3.blocks.1.norm2.bias
decoder.layers.3.blocks.1.mlp.fc1.weight
decoder.layers.3.blocks.1.mlp.fc1.bias
decoder.layers.3.blocks.1.mlp.fc2.weight
decoder.layers.3.blocks.1.mlp.fc2.bias
2026-03-31 23:55:59,126 - INFO] Epoch 6 | Step [5/19=26.32%] | Time 0.422 | Loss 4.46e+01 | SNR 13.0 | CBR 0.2500 | PSNR 32.437 | SSIM 0.936 | MSSSIM 0.987 | Lr 0.0001
2026-03-31 23:56:35,026 - INFO] Epoch 11 | Step [10/19=52.63%] | Time 0.223 | Loss 3.87e+01 | SNR 13.0 | CBR 0.2500 | PSNR 33.741 | SSIM 0.939 | MSSSIM 0.988 | Lr 0.0001
2026-03-31 23:57:10,490 - INFO] Epoch 16 | Step [15/19=78.95%] | Time 0.179 | Loss 4.28e+01 | SNR 13.0 | CBR 0.2500 | PSNR 32.732 | SSIM 0.948 | MSSSIM 0.990 | Lr 0.0001
2026-03-31 23:57:46,680 - INFO] Epoch 22 | Step [1/19=5.26%] | Time 0.712 | Loss 3.65e+01 | SNR 13.0 | CBR 0.2500 | PSNR 33.872 | SSIM 0.932 | MSSSIM 0.984 | Lr 0.0001
2026-03-31 23:58:22,195 - INFO] Epoch 27 | Step [6/19=31.58%] | Time 0.236 | Loss 4.11e+01 | SNR 13.0 | CBR 0.2500 | PSNR 33.188 | SSIM 0.947 | MSSSIM 0.990 | Lr 0.0001
2026-03-31 23:58:57,669 - INFO] Epoch 32 | Step [11/19=57.89%] | Time 0.225 | Loss 2.92e+01 | SNR 13.0 | CBR 0.2500 | PSNR 34.387 | SSIM 0.953 | MSSSIM 0.991 | Lr 0.0001
2026-03-31 23:59:33,305 - INFO] Epoch 37 | Step [16/19=84.21%] | Time 0.187 | Loss 2.04e+01 | SNR 13.0 | CBR 0.2500 | PSNR 35.509 | SSIM 0.954 | MSSSIM 0.991 | Lr 0.0001
2026-04-01 00:00:09,536 - INFO] Epoch 43 | Step [2/19=10.53%] | Time 0.228 | Loss 2.17e+01 | SNR 13.0 | CBR 0.2500 | PSNR 35.671 | SSIM 0.959 | MSSSIM 0.994 | Lr 0.0001
2026-04-01 00:00:45,646 - INFO] Epoch 48 | Step [7/19=36.84%] | Time 0.241 | Loss 1.70e+01 | SNR 13.0 | CBR 0.2500 | PSNR 36.515 | SSIM 0.965 | MSSSIM 0.993 | Lr 0.0001
2026-04-01 00:01:20,518 - INFO] Epoch 53 | Step [12/19=63.16%] | Time 0.219 | Loss 1.62e+01 | SNR 13.0 | CBR 0.2500 | PSNR 37.674 | SSIM 0.964 | MSSSIM 0.993 | Lr 0.0001
2026-04-01 00:01:56,202 - INFO] Epoch 58 | Step [17/19=89.47%] | Time 0.305 | Loss 3.29e+01 | SNR 13.0 | CBR 0.2500 | PSNR 33.759 | SSIM 0.954 | MSSSIM 0.992 | Lr 0.0001
2026-04-01 00:02:33,072 - INFO] Epoch 64 | Step [3/19=15.79%] | Time 0.215 | Loss 4.39e+01 | SNR 13.0 | CBR 0.2500 | PSNR 33.521 | SSIM 0.943 | MSSSIM 0.992 | Lr 0.0001
2026-04-01 00:03:08,993 - INFO] Epoch 69 | Step [8/19=42.11%] | Time 0.207 | Loss 3.62e+01 | SNR 13.0 | CBR 0.2500 | PSNR 33.300 | SSIM 0.952 | MSSSIM 0.990 | Lr 0.0001
2026-04-01 00:03:44,130 - INFO] Epoch 74 | Step [13/19=68.42%] | Time 0.213 | Loss 3.67e+01 | SNR 13.0 | CBR 0.2500 | PSNR 33.618 | SSIM 0.953 | MSSSIM 0.993 | Lr 0.0001
2026-04-01 00:04:18,611 - INFO] Epoch 79 | Step [18/19=94.74%] | Time 0.363 | Loss 3.04e+01 | SNR 13.0 | CBR 0.2500 | PSNR 33.652 | SSIM 0.956 | MSSSIM 0.993 | Lr 0.0001
2026-04-01 00:04:55,041 - INFO] Epoch 85 | Step [4/19=21.05%] | Time 0.220 | Loss 3.52e+01 | SNR 13.0 | CBR 0.2500 | PSNR 33.817 | SSIM 0.948 | MSSSIM 0.993 | Lr 0.0001
2026-04-01 00:05:31,101 - INFO] Epoch 90 | Step [9/19=47.37%] | Time 0.450 | Loss 3.00e+01 | SNR 13.0 | CBR 0.2500 | PSNR 33.898 | SSIM 0.946 | MSSSIM 0.991 | Lr 0.0001
2026-04-01 00:06:06,777 - INFO] Epoch 95 | Step [14/19=73.68%] | Time 0.186 | Loss 3.48e+01 | SNR 13.0 | CBR 0.2500 | PSNR 33.487 | SSIM 0.945 | MSSSIM 0.988 | Lr 0.0001
2026-04-01 00:06:42,205 - INFO] Epoch 100 | Step [19/19=0.00%] | Time 0.165 | Loss 2.03e+01 | SNR 13.0 | CBR 0.2500 | PSNR 36.016 | SSIM 0.966 | MSSSIM 0.996 | Lr 0.0001
2026-04-01 00:06:42,876 - INFO] Start Test:
2026-04-01 00:06:42,877 - INFO]      SNR         CBR      PSNR      SSIM   MS-SSIM
2026-04-01 00:06:42,877 - INFO]    13.00      0.2500    36.936     0.966     0.995
2026-04-01 00:06:42,877 - INFO] Finish Test!
2026-04-01 00:07:19,840 - INFO] Epoch 106 | Step [5/19=26.32%] | Time 0.725 | Loss 2.28e+01 | SNR 13.0 | CBR 0.2500 | PSNR 36.927 | SSIM 0.953 | MSSSIM 0.990 | Lr 0.0001
2026-04-01 00:07:55,048 - INFO] Epoch 111 | Step [10/19=52.63%] | Time 0.230 | Loss 3.42e+01 | SNR 13.0 | CBR 0.2500 | PSNR 34.100 | SSIM 0.958 | MSSSIM 0.993 | Lr 0.0001
2026-04-01 00:08:31,119 - INFO] Epoch 116 | Step [15/19=78.95%] | Time 0.432 | Loss 2.38e+01 | SNR 13.0 | CBR 0.2500 | PSNR 35.481 | SSIM 0.953 | MSSSIM 0.993 | Lr 0.0001
2026-04-01 00:09:07,304 - INFO] Epoch 122 | Step [1/19=5.26%] | Time 0.313 | Loss 1.93e+01 | SNR 13.0 | CBR 0.2500 | PSNR 35.605 | SSIM 0.959 | MSSSIM 0.993 | Lr 0.0001
2026-04-01 00:09:42,475 - INFO] Epoch 127 | Step [6/19=31.58%] | Time 0.227 | Loss 4.22e+01 | SNR 13.0 | CBR 0.2500 | PSNR 32.301 | SSIM 0.940 | MSSSIM 0.991 | Lr 0.0001
2026-04-01 00:10:18,553 - INFO] Epoch 132 | Step [11/19=57.89%] | Time 0.233 | Loss 4.30e+01 | SNR 13.0 | CBR 0.2500 | PSNR 32.684 | SSIM 0.944 | MSSSIM 0.990 | Lr 0.0001
2026-04-01 00:10:53,267 - INFO] Epoch 137 | Step [16/19=84.21%] | Time 0.188 | Loss 4.33e+01 | SNR 13.0 | CBR 0.2500 | PSNR 33.513 | SSIM 0.943 | MSSSIM 0.990 | Lr 0.0001
2026-04-01 00:11:30,544 - INFO] Epoch 143 | Step [2/19=10.53%] | Time 0.223 | Loss 3.48e+01 | SNR 13.0 | CBR 0.2500 | PSNR 33.112 | SSIM 0.958 | MSSSIM 0.994 | Lr 0.0001
2026-04-01 00:12:05,701 - INFO] Epoch 148 | Step [7/19=36.84%] | Time 0.250 | Loss 1.83e+01 | SNR 13.0 | CBR 0.2500 | PSNR 37.052 | SSIM 0.961 | MSSSIM 0.992 | Lr 0.0001
2026-04-01 00:12:40,916 - INFO] Epoch 153 | Step [12/19=63.16%] | Time 0.215 | Loss 2.89e+01 | SNR 13.0 | CBR 0.2500 | PSNR 34.210 | SSIM 0.952 | MSSSIM 0.991 | Lr 0.0001
2026-04-01 00:13:16,290 - INFO] Epoch 158 | Step [17/19=89.47%] | Time 0.176 | Loss 1.45e+01 | SNR 13.0 | CBR 0.2500 | PSNR 37.738 | SSIM 0.964 | MSSSIM 0.994 | Lr 0.0001
2026-04-01 00:13:53,368 - INFO] Epoch 164 | Step [3/19=15.79%] | Time 0.223 | Loss 2.67e+01 | SNR 13.0 | CBR 0.2500 | PSNR 35.713 | SSIM 0.947 | MSSSIM 0.988 | Lr 0.0001
2026-04-01 00:14:29,399 - INFO] Epoch 169 | Step [8/19=42.11%] | Time 0.227 | Loss 3.58e+01 | SNR 13.0 | CBR 0.2500 | PSNR 33.364 | SSIM 0.959 | MSSSIM 0.994 | Lr 0.0001
2026-04-01 00:15:04,407 - INFO] Epoch 174 | Step [13/19=68.42%] | Time 0.226 | Loss 2.08e+01 | SNR 13.0 | CBR 0.2500 | PSNR 35.830 | SSIM 0.957 | MSSSIM 0.991 | Lr 0.0001
2026-04-01 00:15:39,813 - INFO] Epoch 179 | Step [18/19=94.74%] | Time 0.184 | Loss 3.34e+01 | SNR 13.0 | CBR 0.2500 | PSNR 35.045 | SSIM 0.948 | MSSSIM 0.988 | Lr 0.0001
2026-04-01 00:16:17,375 - INFO] Epoch 185 | Step [4/19=21.05%] | Time 0.214 | Loss 2.53e+01 | SNR 13.0 | CBR 0.2500 | PSNR 34.695 | SSIM 0.959 | MSSSIM 0.994 | Lr 0.0001
2026-04-01 00:16:52,770 - INFO] Epoch 190 | Step [9/19=47.37%] | Time 0.317 | Loss 2.11e+01 | SNR 13.0 | CBR 0.2500 | PSNR 35.357 | SSIM 0.963 | MSSSIM 0.994 | Lr 0.0001
2026-04-01 00:17:28,501 - INFO] Epoch 195 | Step [14/19=73.68%] | Time 0.208 | Loss 4.93e+01 | SNR 13.0 | CBR 0.2500 | PSNR 31.826 | SSIM 0.946 | MSSSIM 0.992 | Lr 0.0001
2026-04-01 00:18:04,223 - INFO] Epoch 200 | Step [19/19=0.00%] | Time 0.155 | Loss 4.36e+01 | SNR 13.0 | CBR 0.2500 | PSNR 35.165 | SSIM 0.948 | MSSSIM 0.989 | Lr 0.0001
2026-04-01 00:18:04,886 - INFO] Start Test:
2026-04-01 00:18:04,887 - INFO]      SNR         CBR      PSNR      SSIM   MS-SSIM
2026-04-01 00:18:04,887 - INFO]    13.00      0.2500    37.294     0.967     0.995
2026-04-01 00:18:04,887 - INFO] Finish Test!
2026-04-01 00:18:41,895 - INFO] Epoch 206 | Step [5/19=26.32%] | Time 0.636 | Loss 2.61e+01 | SNR 13.0 | CBR 0.2500 | PSNR 36.855 | SSIM 0.958 | MSSSIM 0.993 | Lr 0.0001
2026-04-01 00:19:17,677 - INFO] Epoch 211 | Step [10/19=52.63%] | Time 0.225 | Loss 2.54e+01 | SNR 13.0 | CBR 0.2500 | PSNR 35.098 | SSIM 0.946 | MSSSIM 0.993 | Lr 0.0001
2026-04-01 00:19:53,142 - INFO] Epoch 216 | Step [15/19=78.95%] | Time 0.368 | Loss 2.09e+01 | SNR 13.0 | CBR 0.2500 | PSNR 35.408 | SSIM 0.955 | MSSSIM 0.992 | Lr 0.0001
2026-04-01 00:20:29,974 - INFO] Epoch 222 | Step [1/19=5.26%] | Time 0.230 | Loss 3.49e+01 | SNR 13.0 | CBR 0.2500 | PSNR 34.078 | SSIM 0.957 | MSSSIM 0.992 | Lr 0.0001
2026-04-01 00:21:05,546 - INFO] Epoch 227 | Step [6/19=31.58%] | Time 0.225 | Loss 3.80e+01 | SNR 13.0 | CBR 0.2500 | PSNR 33.217 | SSIM 0.947 | MSSSIM 0.991 | Lr 0.0001
2026-04-01 00:21:40,686 - INFO] Epoch 232 | Step [11/19=57.89%] | Time 0.216 | Loss 2.43e+01 | SNR 13.0 | CBR 0.2500 | PSNR 35.931 | SSIM 0.957 | MSSSIM 0.991 | Lr 0.0001
2026-04-01 00:22:16,123 - INFO] Epoch 237 | Step [16/19=84.21%] | Time 0.184 | Loss 2.59e+01 | SNR 13.0 | CBR 0.2500 | PSNR 34.175 | SSIM 0.962 | MSSSIM 0.996 | Lr 0.0001
2026-04-01 00:22:53,049 - INFO] Epoch 243 | Step [2/19=10.53%] | Time 0.245 | Loss 3.34e+01 | SNR 13.0 | CBR 0.2500 | PSNR 33.837 | SSIM 0.958 | MSSSIM 0.994 | Lr 0.0001
2026-04-01 00:23:29,023 - INFO] Epoch 248 | Step [7/19=36.84%] | Time 0.224 | Loss 3.14e+01 | SNR 13.0 | CBR 0.2500 | PSNR 34.986 | SSIM 0.970 | MSSSIM 0.993 | Lr 0.0001
2026-04-01 00:24:04,185 - INFO] Epoch 253 | Step [12/19=63.16%] | Time 0.215 | Loss 3.20e+01 | SNR 13.0 | CBR 0.2500 | PSNR 33.690 | SSIM 0.956 | MSSSIM 0.992 | Lr 0.0001
2026-04-01 00:24:40,642 - INFO] Epoch 258 | Step [17/19=89.47%] | Time 0.368 | Loss 3.57e+01 | SNR 13.0 | CBR 0.2500 | PSNR 35.154 | SSIM 0.950 | MSSSIM 0.991 | Lr 0.0001
2026-04-01 00:25:17,010 - INFO] Epoch 264 | Step [3/19=15.79%] | Time 0.222 | Loss 2.04e+01 | SNR 13.0 | CBR 0.2500 | PSNR 36.138 | SSIM 0.964 | MSSSIM 0.990 | Lr 0.0001
2026-04-01 00:25:52,759 - INFO] Epoch 269 | Step [8/19=42.11%] | Time 0.213 | Loss 3.26e+01 | SNR 13.0 | CBR 0.2500 | PSNR 33.699 | SSIM 0.943 | MSSSIM 0.990 | Lr 0.0001
2026-04-01 00:26:28,344 - INFO] Epoch 274 | Step [13/19=68.42%] | Time 0.205 | Loss 3.33e+01 | SNR 13.0 | CBR 0.2500 | PSNR 34.206 | SSIM 0.952 | MSSSIM 0.993 | Lr 0.0001
2026-04-01 00:27:04,470 - INFO] Epoch 279 | Step [18/19=94.74%] | Time 0.183 | Loss 4.08e+01 | SNR 13.0 | CBR 0.2500 | PSNR 32.704 | SSIM 0.953 | MSSSIM 0.994 | Lr 0.0001
2026-04-01 00:27:40,940 - INFO] Epoch 285 | Step [4/19=21.05%] | Time 0.218 | Loss 2.49e+01 | SNR 13.0 | CBR 0.2500 | PSNR 35.121 | SSIM 0.982 | MSSSIM 0.995 | Lr 0.0001
2026-04-01 00:28:16,810 - INFO] Epoch 290 | Step [9/19=47.37%] | Time 0.268 | Loss 2.79e+01 | SNR 13.0 | CBR 0.2500 | PSNR 34.606 | SSIM 0.962 | MSSSIM 0.992 | Lr 0.0001
2026-04-01 00:28:52,059 - INFO] Epoch 295 | Step [14/19=73.68%] | Time 0.221 | Loss 2.42e+01 | SNR 13.0 | CBR 0.2500 | PSNR 34.555 | SSIM 0.960 | MSSSIM 0.994 | Lr 0.0001
2026-04-01 00:29:26,941 - INFO] Epoch 300 | Step [19/19=0.00%] | Time 0.155 | Loss 1.81e+01 | SNR 13.0 | CBR 0.2500 | PSNR 37.028 | SSIM 0.951 | MSSSIM 0.989 | Lr 0.0001
2026-04-01 00:29:27,541 - INFO] Start Test:
2026-04-01 00:29:27,542 - INFO]      SNR         CBR      PSNR      SSIM   MS-SSIM
2026-04-01 00:29:27,542 - INFO]    13.00      0.2500    37.229     0.968     0.995
2026-04-01 00:29:27,542 - INFO] Finish Test!
2026-04-01 00:30:04,528 - INFO] Epoch 306 | Step [5/19=26.32%] | Time 0.503 | Loss 2.95e+01 | SNR 13.0 | CBR 0.2500 | PSNR 35.555 | SSIM 0.957 | MSSSIM 0.992 | Lr 0.0001
2026-04-01 00:30:39,878 - INFO] Epoch 311 | Step [10/19=52.63%] | Time 0.481 | Loss 3.49e+01 | SNR 13.0 | CBR 0.2500 | PSNR 33.074 | SSIM 0.960 | MSSSIM 0.994 | Lr 0.0001
2026-04-01 00:31:14,940 - INFO] Epoch 316 | Step [15/19=78.95%] | Time 0.199 | Loss 3.02e+01 | SNR 13.0 | CBR 0.2500 | PSNR 34.781 | SSIM 0.953 | MSSSIM 0.994 | Lr 0.0001
2026-04-01 00:31:52,208 - INFO] Epoch 322 | Step [1/19=5.26%] | Time 0.943 | Loss 2.53e+01 | SNR 13.0 | CBR 0.2500 | PSNR 35.074 | SSIM 0.952 | MSSSIM 0.992 | Lr 0.0001
2026-04-01 00:32:27,510 - INFO] Epoch 327 | Step [6/19=31.58%] | Time 0.232 | Loss 2.62e+01 | SNR 13.0 | CBR 0.2500 | PSNR 34.398 | SSIM 0.962 | MSSSIM 0.994 | Lr 0.0001
2026-04-01 00:33:03,256 - INFO] Epoch 332 | Step [11/19=57.89%] | Time 0.224 | Loss 2.26e+01 | SNR 13.0 | CBR 0.2500 | PSNR 35.791 | SSIM 0.964 | MSSSIM 0.992 | Lr 0.0001
2026-04-01 00:33:38,980 - INFO] Epoch 337 | Step [16/19=84.21%] | Time 0.187 | Loss 2.59e+01 | SNR 13.0 | CBR 0.2500 | PSNR 34.822 | SSIM 0.953 | MSSSIM 0.992 | Lr 0.0001
2026-04-01 00:34:16,183 - INFO] Epoch 343 | Step [2/19=10.53%] | Time 0.219 | Loss 2.88e+01 | SNR 13.0 | CBR 0.2500 | PSNR 34.235 | SSIM 0.949 | MSSSIM 0.991 | Lr 0.0001
2026-04-01 00:34:52,527 - INFO] Epoch 348 | Step [7/19=36.84%] | Time 0.217 | Loss 3.30e+01 | SNR 13.0 | CBR 0.2500 | PSNR 33.937 | SSIM 0.949 | MSSSIM 0.991 | Lr 0.0001
2026-04-01 00:35:28,263 - INFO] Epoch 353 | Step [12/19=63.16%] | Time 0.222 | Loss 4.89e+01 | SNR 13.0 | CBR 0.2500 | PSNR 32.905 | SSIM 0.936 | MSSSIM 0.990 | Lr 0.0001
2026-04-01 00:36:03,766 - INFO] Epoch 358 | Step [17/19=89.47%] | Time 0.271 | Loss 3.41e+01 | SNR 13.0 | CBR 0.2500 | PSNR 34.112 | SSIM 0.948 | MSSSIM 0.992 | Lr 0.0001
2026-04-01 00:36:40,561 - INFO] Epoch 364 | Step [3/19=15.79%] | Time 0.215 | Loss 1.89e+01 | SNR 13.0 | CBR 0.2500 | PSNR 36.501 | SSIM 0.957 | MSSSIM 0.988 | Lr 0.0001
2026-04-01 00:37:16,616 - INFO] Epoch 369 | Step [8/19=42.11%] | Time 0.218 | Loss 1.85e+01 | SNR 13.0 | CBR 0.2500 | PSNR 36.730 | SSIM 0.963 | MSSSIM 0.994 | Lr 0.0001
2026-04-01 00:37:52,082 - INFO] Epoch 374 | Step [13/19=68.42%] | Time 0.247 | Loss 3.17e+01 | SNR 13.0 | CBR 0.2500 | PSNR 33.649 | SSIM 0.946 | MSSSIM 0.991 | Lr 0.0001
2026-04-01 00:38:27,571 - INFO] Epoch 379 | Step [18/19=94.74%] | Time 0.182 | Loss 3.57e+01 | SNR 13.0 | CBR 0.2500 | PSNR 33.112 | SSIM 0.956 | MSSSIM 0.992 | Lr 0.0001
2026-04-01 00:39:04,790 - INFO] Epoch 385 | Step [4/19=21.05%] | Time 0.230 | Loss 1.93e+01 | SNR 13.0 | CBR 0.2500 | PSNR 35.722 | SSIM 0.958 | MSSSIM 0.990 | Lr 0.0001
2026-04-01 00:39:41,331 - INFO] Epoch 390 | Step [9/19=47.37%] | Time 0.273 | Loss 3.53e+01 | SNR 13.0 | CBR 0.2500 | PSNR 34.289 | SSIM 0.952 | MSSSIM 0.993 | Lr 0.0001
2026-04-01 00:40:17,357 - INFO] Epoch 395 | Step [14/19=73.68%] | Time 0.179 | Loss 3.28e+01 | SNR 13.0 | CBR 0.2500 | PSNR 34.180 | SSIM 0.969 | MSSSIM 0.994 | Lr 0.0001
2026-04-01 00:40:52,513 - INFO] Epoch 400 | Step [19/19=0.00%] | Time 0.163 | Loss 3.48e+01 | SNR 13.0 | CBR 0.2500 | PSNR 33.228 | SSIM 0.960 | MSSSIM 0.993 | Lr 0.0001
2026-04-01 00:40:53,139 - INFO] Start Test:
2026-04-01 00:40:53,140 - INFO]      SNR         CBR      PSNR      SSIM   MS-SSIM
2026-04-01 00:40:53,140 - INFO]    13.00      0.2500    37.479     0.969     0.996
2026-04-01 00:40:53,140 - INFO] Finish Test!
2026-04-01 00:41:30,626 - INFO] Epoch 406 | Step [5/19=26.32%] | Time 0.217 | Loss 1.56e+01 | SNR 13.0 | CBR 0.2500 | PSNR 36.403 | SSIM 0.956 | MSSSIM 0.992 | Lr 0.0001
2026-04-01 00:42:07,105 - INFO] Epoch 411 | Step [10/19=52.63%] | Time 0.592 | Loss 3.78e+01 | SNR 13.0 | CBR 0.2500 | PSNR 33.094 | SSIM 0.947 | MSSSIM 0.992 | Lr 0.0001
2026-04-01 00:42:41,939 - INFO] Epoch 416 | Step [15/19=78.95%] | Time 0.192 | Loss 3.31e+01 | SNR 13.0 | CBR 0.2500 | PSNR 34.133 | SSIM 0.963 | MSSSIM 0.994 | Lr 0.0001
2026-04-01 00:43:17,944 - INFO] Epoch 422 | Step [1/19=5.26%] | Time 0.652 | Loss 2.89e+01 | SNR 13.0 | CBR 0.2500 | PSNR 34.620 | SSIM 0.977 | MSSSIM 0.995 | Lr 0.0001
